<?xml version='1.0' encoding='utf-8' standalone='yes' ?><testsuites><testsuite name="com.microsoft.adal.test.AuthenticationActivityUnitTests"><testcase classname="com.microsoft.adal.test.AuthenticationActivityUnitTests" name="testEmptyIntentData" time="1.106" /><testcase classname="com.microsoft.adal.test.AuthenticationActivityUnitTests" name="testLayout" time="0.498" /><testcase classname="com.microsoft.adal.test.AuthenticationActivityUnitTests" name="testOnPauseSetsRestartWebview" time="0.395" /><testcase classname="com.microsoft.adal.test.AuthenticationActivityUnitTests" name="testOnResumeRestartWebview" time="0.324" /><testcase classname="com.microsoft.adal.test.AuthenticationActivityUnitTests" name="testReceiver" time="0.286" /><testcase classname="com.microsoft.adal.test.AuthenticationActivityUnitTests" name="testReturnToCaller" time="0.218" /></testsuite><testsuite name="com.microsoft.adal.test.AuthenticationContextTests"><testcase classname="com.microsoft.adal.test.AuthenticationContextTests" name="testAcquireTokenAuthorityMalformed" time="0.084" /><testcase classname="com.microsoft.adal.test.AuthenticationContextTests" name="testAcquireTokenByRefreshTokenNegativeArguments" time="0.035" /><testcase classname="com.microsoft.adal.test.AuthenticationContextTests" name="testAcquireTokenByRefreshTokenPositive" time="0.207" /><testcase classname="com.microsoft.adal.test.AuthenticationContextTests" name="testAcquireTokenByRefreshToken_ConnectionNotAvailable" time="0.017" /><testcase classname="com.microsoft.adal.test.AuthenticationContextTests" name="testAcquireTokenCacheLookup" time="0.102" /><testcase classname="com.microsoft.adal.test.AuthenticationContextTests" name="testAcquireTokenMultiResourceToken_UserId" time="0.447" /><testcase classname="com.microsoft.adal.test.AuthenticationContextTests" name="testAcquireTokenMultiResource_ADFSIssue" time="0.110" /><testcase classname="com.microsoft.adal.test.AuthenticationContextTests" name="testAcquireTokenNegativeArguments" time="0.022" /><testcase classname="com.microsoft.adal.test.AuthenticationContextTests" name="testAcquireTokenValidateAuthorityReturnsInValid" time="0.014" /><testcase classname="com.microsoft.adal.test.AuthenticationContextTests" name="testAcquireTokenValidateAuthorityReturnsValid" time="0.012" /><testcase classname="com.microsoft.adal.test.AuthenticationContextTests" name="testAcquireTokenWithoutValidation" time="0.017" /><testcase classname="com.microsoft.adal.test.AuthenticationContextTests" name="testAcquireToken_userId" time="0.018" /><testcase classname="com.microsoft.adal.test.AuthenticationContextTests" name="testAndroidTestCaseSetupProperly" time="0.005" /><testcase classname="com.microsoft.adal.test.AuthenticationContextTests" name="testConstructor" time="0.021" /><testcase classname="com.microsoft.adal.test.AuthenticationContextTests" name="testConstructorNoCache" time="0.013" /><testcase classname="com.microsoft.adal.test.AuthenticationContextTests" name="testConstructorValidateAuthority" time="0.013" /><testcase classname="com.microsoft.adal.test.AuthenticationContextTests" name="testConstructorWithCache" time="0.021" /><testcase classname="com.microsoft.adal.test.AuthenticationContextTests" name="testConstructor_InternetPermission" time="0.011" /><testcase classname="com.microsoft.adal.test.AuthenticationContextTests" name="testCorrelationId_InDiscovery" time="0.027" /><testcase classname="com.microsoft.adal.test.AuthenticationContextTests" name="testCorrelationId_InWebRequest" time="0.657" /><testcase classname="com.microsoft.adal.test.AuthenticationContextTests" name="testCorrelationId_setAndGet" time="0.004" /><testcase classname="com.microsoft.adal.test.AuthenticationContextTests" name="testEmptyRedirect" time="0.039" /><testcase classname="com.microsoft.adal.test.AuthenticationContextTests" name="testExtraParams" time="0.037" /><testcase classname="com.microsoft.adal.test.AuthenticationContextTests" name="testPrompt" time="0.012" /><testcase classname="com.microsoft.adal.test.AuthenticationContextTests" name="testRefreshTokenPositive" time="0.179" /><testcase classname="com.microsoft.adal.test.AuthenticationContextTests" name="testRefreshTokenWebRequestHasError" time="0.056" /><testcase classname="com.microsoft.adal.test.AuthenticationContextTests" name="testResolveIntent" time="0.007" /></testsuite><testsuite name="com.microsoft.adal.test.AuthenticationExceptionTests"><testcase classname="com.microsoft.adal.test.AuthenticationExceptionTests" name="testAndroidTestCaseSetupProperly" time="0.008" /><testcase classname="com.microsoft.adal.test.AuthenticationExceptionTests" name="testException" time="0.003" /></testsuite><testsuite name="com.microsoft.adal.test.AuthenticationParamsTests"><testcase classname="com.microsoft.adal.test.AuthenticationParamsTests" name="testCreateFromResourceUrlInvalidFormat" time="0.664" /><testcase classname="com.microsoft.adal.test.AuthenticationParamsTests" name="testCreateFromResourceUrlPositive" time="0.796" /><testcase classname="com.microsoft.adal.test.AuthenticationParamsTests" name="testCreateFromResponseAuthenticateHeader" time="0.092" /><testcase classname="com.microsoft.adal.test.AuthenticationParamsTests" name="testGetAuthority" time="0.098" /><testcase classname="com.microsoft.adal.test.AuthenticationParamsTests" name="testGetResource" time="0.095" /><testcase classname="com.microsoft.adal.test.AuthenticationParamsTests" name="testParseResponseNegative" time="0.109" /><testcase classname="com.microsoft.adal.test.AuthenticationParamsTests" name="testParseResponsePositive" time="0.103" /><testcase classname="com.microsoft.adal.test.AuthenticationParamsTests" name="testcreateFromResourceUrlNoCallback" time="0.094" /></testsuite><testsuite name="com.microsoft.adal.test.AuthenticationRequestTests"><testcase classname="com.microsoft.adal.test.AuthenticationRequestTests" name="testAndroidTestCaseSetupProperly" time="0.006" /><testcase classname="com.microsoft.adal.test.AuthenticationRequestTests" name="testAuthenticationRequestParams" time="0.011" /><testcase classname="com.microsoft.adal.test.AuthenticationRequestTests" name="testRequestId" time="0.017" /></testsuite><testsuite name="com.microsoft.adal.test.AuthenticationSettingsTests"><testcase classname="com.microsoft.adal.test.AuthenticationSettingsTests" name="testAndroidTestCaseSetupProperly" time="0.009" /></testsuite><testsuite name="com.microsoft.adal.test.CacheKeyTests"><testcase classname="com.microsoft.adal.test.CacheKeyTests" name="testAndroidTestCaseSetupProperly" time="0.005" /><testcase classname="com.microsoft.adal.test.CacheKeyTests" name="testcreateCacheKey" time="0.008" /><testcase classname="com.microsoft.adal.test.CacheKeyTests" name="testcreateCacheKey_EmptyValues" time="0.006" /><testcase classname="com.microsoft.adal.test.CacheKeyTests" name="testcreateCacheKey_NullArgument" time="0.005" /><testcase classname="com.microsoft.adal.test.CacheKeyTests" name="testcreateCacheKey_NullClientid" time="0.005" /><testcase classname="com.microsoft.adal.test.CacheKeyTests" name="testcreateCacheKey_NullItem" time="0.005" /><testcase classname="com.microsoft.adal.test.CacheKeyTests" name="testcreateCacheKey_NullResource" time="0.005" /></testsuite><testsuite name="com.microsoft.adal.test.DefaultTokenCacheStoreTests"><testcase classname="com.microsoft.adal.test.DefaultTokenCacheStoreTests" name="testClearTokensForUser" time="0.431" /><testcase classname="com.microsoft.adal.test.DefaultTokenCacheStoreTests" name="testContains" time="0.215" /><testcase classname="com.microsoft.adal.test.DefaultTokenCacheStoreTests" name="testExpiringTokens" time="0.320" /><testcase classname="com.microsoft.adal.test.DefaultTokenCacheStoreTests" name="testGetAll" time="0.464" /><testcase classname="com.microsoft.adal.test.DefaultTokenCacheStoreTests" name="testGetRemoveItem" time="0.309" /><testcase classname="com.microsoft.adal.test.DefaultTokenCacheStoreTests" name="testGetTokensForResource" time="0.301" /><testcase classname="com.microsoft.adal.test.DefaultTokenCacheStoreTests" name="testGetTokensForUser" time="0.372" /><testcase classname="com.microsoft.adal.test.DefaultTokenCacheStoreTests" name="testGetUniqueUsers" time="0.259" /><testcase classname="com.microsoft.adal.test.DefaultTokenCacheStoreTests" name="testRemoveAll" time="0.218" /></testsuite><testsuite name="com.microsoft.adal.test.DiscoveryTests"><testcase classname="com.microsoft.adal.test.DiscoveryTests" name="testIsValidAuthorityNegative" time="0.432" /><testcase classname="com.microsoft.adal.test.DiscoveryTests" name="testIsValidAuthorityNegative_InvalidUrl" time="0.089" /><testcase classname="com.microsoft.adal.test.DiscoveryTests" name="testIsValidAuthorityPositiveInList" time="0.089" /><testcase classname="com.microsoft.adal.test.DiscoveryTests" name="testIsValidAuthorityPositiveRequeryInList" time="0.166" /><testcase classname="com.microsoft.adal.test.DiscoveryTests" name="testaddValidHostToList" time="0.085" /></testsuite><testsuite name="com.microsoft.adal.test.FileTokenCacheStoreTests"><testcase classname="com.microsoft.adal.test.FileTokenCacheStoreTests" name="testFileCacheWriteError" time="0.123" /><testcase classname="com.microsoft.adal.test.FileTokenCacheStoreTests" name="testGetItem" time="0.268" /><testcase classname="com.microsoft.adal.test.FileTokenCacheStoreTests" name="testLoadingFromInvalidCacheFile" time="0.139" /><testcase classname="com.microsoft.adal.test.FileTokenCacheStoreTests" name="testMemoryCacheMultipleContext" time="0.281" /><testcase classname="com.microsoft.adal.test.FileTokenCacheStoreTests" name="testRemoveAll" time="0.225" /><testcase classname="com.microsoft.adal.test.FileTokenCacheStoreTests" name="testRemoveItem" time="0.435" /><testcase classname="com.microsoft.adal.test.FileTokenCacheStoreTests" name="testSharedCacheGetItem" time="0.660" /><testcase classname="com.microsoft.adal.test.FileTokenCacheStoreTests" name="testWriteFileException" time="0.254" /></testsuite><testsuite name="com.microsoft.adal.test.HashMapExtensionTests"><testcase classname="com.microsoft.adal.test.HashMapExtensionTests" name="testURLFormDecodeNegative" time="0.088" /><testcase classname="com.microsoft.adal.test.HashMapExtensionTests" name="testURLFormDecodePositive" time="0.088" /></testsuite><testsuite name="com.microsoft.adal.test.LoggerTest"><testcase classname="com.microsoft.adal.test.LoggerTest" name="testCallbackNullMessages" time="0.094" /><testcase classname="com.microsoft.adal.test.LoggerTest" name="testCallbackThrowsError" time="0.092" /><testcase classname="com.microsoft.adal.test.LoggerTest" name="testSetCallback" time="0.090" /></testsuite><testsuite name="com.microsoft.adal.test.MemoryTokenCacheStoreTests"><testcase classname="com.microsoft.adal.test.MemoryTokenCacheStoreTests" name="testContains" time="0.090" /><testcase classname="com.microsoft.adal.test.MemoryTokenCacheStoreTests" name="testGetRemoveItem" time="0.105" /><testcase classname="com.microsoft.adal.test.MemoryTokenCacheStoreTests" name="testMemoryCacheMultipleContext" time="0.096" /><testcase classname="com.microsoft.adal.test.MemoryTokenCacheStoreTests" name="testRemoveAll" time="0.089" /><testcase classname="com.microsoft.adal.test.MemoryTokenCacheStoreTests" name="testSerialization" time="0.108" /><testcase classname="com.microsoft.adal.test.MemoryTokenCacheStoreTests" name="testSharedCacheGetItem" time="0.182" /></testsuite><testsuite name="com.microsoft.adal.test.OauthTests"><testcase classname="com.microsoft.adal.test.OauthTests" name="testAndroidTestCaseSetupProperly" time="0.007" /><testcase classname="com.microsoft.adal.test.OauthTests" name="testBuildTokenRequestMessage" time="0.011" /><testcase classname="com.microsoft.adal.test.OauthTests" name="testDecoding" time="0.008" /><testcase classname="com.microsoft.adal.test.OauthTests" name="testGetCodeRequestUrl" time="0.036" /><testcase classname="com.microsoft.adal.test.OauthTests" name="testGetCodeRequestUrl_clientTrace" time="0.008" /><testcase classname="com.microsoft.adal.test.OauthTests" name="testParseIdTokenNegativeIncorrectMessage" time="0.021" /><testcase classname="com.microsoft.adal.test.OauthTests" name="testParseIdTokenNegativeInvalidEncodedTokens" time="0.024" /><testcase classname="com.microsoft.adal.test.OauthTests" name="testParseIdTokenPositive" time="0.011" /><testcase classname="com.microsoft.adal.test.OauthTests" name="testRefreshTokenEmptyWebRequest" time="0.005" /><testcase classname="com.microsoft.adal.test.OauthTests" name="testRefreshTokenMalformedUrl" time="0.016" /><testcase classname="com.microsoft.adal.test.OauthTests" name="testRefreshTokenRequestMessage" time="0.010" /><testcase classname="com.microsoft.adal.test.OauthTests" name="testRefreshTokenWebResponseHasException" time="0.014" /><testcase classname="com.microsoft.adal.test.OauthTests" name="testRefreshTokenWebResponseInvalidStatus" time="0.016" /><testcase classname="com.microsoft.adal.test.OauthTests" name="testRefreshTokenWebResponsePositive" time="0.008" /><testcase classname="com.microsoft.adal.test.OauthTests" name="testprocessTokenResponse" time="0.006" /><testcase classname="com.microsoft.adal.test.OauthTests" name="testprocessTokenResponseNegative" time="0.010" /><testcase classname="com.microsoft.adal.test.OauthTests" name="testprocessUIResponseParams" time="0.006" /></testsuite><testsuite name="com.microsoft.adal.test.StorageHelperTests"><testcase classname="com.microsoft.adal.test.StorageHelperTests" name="testAndroidTestCaseSetupProperly" time="0.006" /><testcase classname="com.microsoft.adal.test.StorageHelperTests" name="testDecrypt_InvalidInput" time="0.014" /><testcase classname="com.microsoft.adal.test.StorageHelperTests" name="testEncryptDecrypt" time="0.009" /><testcase classname="com.microsoft.adal.test.StorageHelperTests" name="testEncryptDecrypt_DifferentSizes" time="6.229" /><testcase classname="com.microsoft.adal.test.StorageHelperTests" name="testEncryptDecrypt_NullEmpty" time="0.007" /><testcase classname="com.microsoft.adal.test.StorageHelperTests" name="testEncryptSameText" time="0.023" /><testcase classname="com.microsoft.adal.test.StorageHelperTests" name="testGetSecretKeyFromAndroidKeyStore" time="0.169" /><testcase classname="com.microsoft.adal.test.StorageHelperTests" name="testKeyPair" time="0.019" /><testcase classname="com.microsoft.adal.test.StorageHelperTests" name="testMigration" time="0.006" /><testcase classname="com.microsoft.adal.test.StorageHelperTests" name="testTampering" time="0.008" /><testcase classname="com.microsoft.adal.test.StorageHelperTests" name="testVersion" time="0.008" /></testsuite><testsuite name="com.microsoft.adal.test.StringExtensionTests"><testcase classname="com.microsoft.adal.test.StringExtensionTests" name="testIsNullOrBlankEmpty" time="0.142" /><testcase classname="com.microsoft.adal.test.StringExtensionTests" name="testIsNullOrBlankNotEmpty" time="0.102" /><testcase classname="com.microsoft.adal.test.StringExtensionTests" name="testURLFormEncodeDecode" time="0.095" /></testsuite><testsuite name="com.microsoft.adal.test.UserInfoTests"><testcase classname="com.microsoft.adal.test.UserInfoTests" name="testIdTokenParam_upn" time="0.011" /><testcase classname="com.microsoft.adal.test.UserInfoTests" name="testUserInfo" time="0.005" /></testsuite><testsuite name="com.microsoft.adal.test.WebRequestHandlerTests"><testcase classname="com.microsoft.adal.test.WebRequestHandlerTests" name="testClientTraceInHeaders" time="0.619" /><testcase classname="com.microsoft.adal.test.WebRequestHandlerTests" name="testCorrelationIdInRequest" time="0.244" /><testcase classname="com.microsoft.adal.test.WebRequestHandlerTests" name="testGetRequest" time="0.531" /><testcase classname="com.microsoft.adal.test.WebRequestHandlerTests" name="testGetWithIdRequest" time="0.579" /><testcase classname="com.microsoft.adal.test.WebRequestHandlerTests" name="testNonExistentUrl" time="0.105" /><testcase classname="com.microsoft.adal.test.WebRequestHandlerTests" name="testNullUrl" time="0.099" /><testcase classname="com.microsoft.adal.test.WebRequestHandlerTests" name="testPostRequest" time="0.572" /><testcase classname="com.microsoft.adal.test.WebRequestHandlerTests" name="testWrongSchemeUrl" time="0.089" /></testsuite></testsuites>